<?xml version="1.0" encoding="UTF-8"?>
<!-- Generated by org.testng.reporters.JUnitReportReporter -->
<testsuite hostname="DESKTOP-H7IC4TE" failures="0" tests="2" name="TestCases.TC002_LoginTest" time="3.600" errors="0" timestamp="2024-09-14T17:41:58 IST" skipped="0">
  <testcase classname="TestCases.TC002_LoginTest" name="verfiy_login" time="1.922"/>
  <testcase classname="TestCases.TC002_LoginTest" name="verfiy_login" time="1.678"/>
</testsuite> <!-- TestCases.TC002_LoginTest -->
