<?xml version="1.0" encoding="UTF-8"?>
<!-- Generated by org.testng.reporters.JUnitReportReporter -->
<testsuite hostname="DESKTOP-H7IC4TE" failures="0" tests="2" name="TestCases.TC001_Registration" time="6.051" errors="0" timestamp="2024-09-14T17:41:58 IST" skipped="0">
  <testcase classname="TestCases.TC001_Registration" name="verifyRegistration" time="3.147"/>
  <testcase classname="TestCases.TC001_Registration" name="verifyRegistration" time="2.904"/>
</testsuite> <!-- TestCases.TC001_Registration -->
