<?xml version="1.0" encoding="UTF-8"?>
<!-- Generated by org.testng.reporters.JUnitReportReporter -->
<testsuite hostname="DESKTOP-H7IC4TE" failures="0" tests="1" name="TestCases.TC002_LoginTest" time="1.817" errors="0" timestamp="2024-09-14T19:23:34 IST" skipped="0">
  <testcase classname="TestCases.TC002_LoginTest" name="verfiy_login" time="1.817"/>
</testsuite> <!-- TestCases.TC002_LoginTest -->
